#
# A fatal error has been detected by the Java Runtime Environment:
#
#  EXCEPTION_ACCESS_VIOLATION (0xc0000005) at pc=0x000000006d5bbc6f, pid=7156, tid=3456
#
# JRE version: 6.0_24-b07
# Java VM: Java HotSpot(TM) 64-Bit Server VM (19.1-b02 mixed mode windows-amd64 compressed oops)
# Problematic frame:
# C  [jsound.dll+0xbc6f]
#
# If you would like to submit a bug report, please visit:
#   http://java.sun.com/webapps/bugreport/crash.jsp
# The crash happened outside the Java Virtual Machine in native code.
# See problematic frame for where to report the bug.
#

---------------  T H R E A D  ---------------

Current thread (0x00000000066b5000):  JavaThread "Headspace mixer frame proc thread" daemon [_thread_in_native, id=3456, stack(0x000000000b470000,0x000000000b570000)]

siginfo: ExceptionCode=0xc0000005, reading address 0xffffffffffffffff

Registers:
RAX=0x000000000b074fda, RBX=0x0000000000302ae0, RCX=0x000000000b074fda, RDX=0x00000000002a31b0
RSP=0x000000000b56f120, RBP=0x0000000000000010, RSI=0x00000000066b51c8, RDI=0x000000000001ce00
R8=0x7f2490090b073220, R9=0x0000000000000800, R10=0x0000000000000fff, R11=0x000000000000a66d
R12=0x0000000000000000, R13=0x00000000066b51c8, R14=0x000000000b074fda, R15=0x00000000066b5000
RIP=0x000000006d5bbc6f, EFLAGS=0x0000000000010283

Register to memory mapping:

RAX=0x000000000b074fda
0x000000000b074fda is pointing to unknown location

RBX=0x0000000000302ae0
0x0000000000302ae0 is pointing to unknown location

RCX=0x000000000b074fda
0x000000000b074fda is pointing to unknown location

RDX=0x00000000002a31b0
0x00000000002a31b0 is pointing to unknown location

RSP=0x000000000b56f120
0x000000000b56f120 is pointing into the stack for thread: 0x00000000066b5000
"Headspace mixer frame proc thread" daemon prio=10 tid=0x00000000066b5000 nid=0xd80 runnable [0x000000000b56f000]
   java.lang.Thread.State: RUNNABLE

RBP=0x0000000000000010
0x0000000000000010 is pointing to unknown location

RSI=0x00000000066b51c8
0x00000000066b51c8 is pointing to unknown location

RDI=0x000000000001ce00
0x000000000001ce00 is pointing to unknown location

R8 =0x7f2490090b073220
0x7f2490090b073220 is pointing to unknown location

R9 =0x0000000000000800
0x0000000000000800 is pointing to unknown location

R10=0x0000000000000fff
0x0000000000000fff is pointing to unknown location

R11=0x000000000000a66d
0x000000000000a66d is pointing to unknown location

R12=0x0000000000000000
0x0000000000000000 is pointing to unknown location

R13=0x00000000066b51c8
0x00000000066b51c8 is pointing to unknown location

R14=0x000000000b074fda
0x000000000b074fda is pointing to unknown location

R15=0x00000000066b5000
"Headspace mixer frame proc thread" daemon prio=10 tid=0x00000000066b5000 nid=0xd80 runnable [0x000000000b56f000]
   java.lang.Thread.State: RUNNABLE


Top of Stack: (sp=0x000000000b56f120)
0x000000000b56f120:   00000000002a5760 000000006d5c07d3
0x000000000b56f130:   00000000002a5760 00000000066b51c8
0x000000000b56f140:   0000000000004753 000000000000a66d
0x000000000b56f150:   0000000000000040 00000000066b5000
0x000000000b56f160:   000000000b56f720 00000000066b51c8
0x000000000b56f170:   0000000000000000 000000000001ce00
0x000000000b56f180:   00000000066b51c8 0000000000000010
0x000000000b56f190:   00000000002a31b0 000000006d5bd498
0x000000000b56f1a0:   000000000b56f3e8 00000000066b51c8
0x000000000b56f1b0:   000000000663c7b0 000000006d5cb37f
0x000000000b56f1c0:   000000105148a01e 00000000002f08d0
0x000000000b56f1d0:   0000000000000040 00000000066b51c8
0x000000000b56f1e0:   00000000002a31b0 000000006d5c0e45
0x000000000b56f1f0:   0000000000000000 000007fefd9110dc
0x000000000b56f200:   0000000000000048 0000000000000001
0x000000000b56f210:   0000000000000000 0000000000000000 

Instructions: (pc=0x000000006d5bbc6f)
0x000000006d5bbc5f:   e0 de 01 00 0f 84 05 03 00 00 4c 8b c1 41 8b ce
0x000000006d5bbc6f:   41 2b 48 08 85 c9 7e 2f 48 83 82 e8 de 01 00 10 


Stack: [0x000000000b470000,0x000000000b570000],  sp=0x000000000b56f120,  free space=1020k
Native frames: (J=compiled Java code, j=interpreted, Vv=VM code, C=native code)
C  [jsound.dll+0xbc6f]

[error occurred during error reporting (printing native stack), id 0xc0000005]

Java frames: (J=compiled Java code, j=interpreted, Vv=VM code)
j  com.sun.media.sound.MixerThread.runNative(J)V+0
j  com.sun.media.sound.MixerThread.run()V+5
v  ~StubRoutines::call_stub

---------------  P R O C E S S  ---------------

Java Threads: ( => current thread )
  0x000000000bd71000 JavaThread "Bass" [_thread_blocked, id=7112, stack(0x000000000b270000,0x000000000b370000)]
  0x000000000bd70800 JavaThread "Hihat" [_thread_blocked, id=7012, stack(0x0000000009ef0000,0x0000000009ff0000)]
  0x000000000bd72000 JavaThread "Bass drum" [_thread_blocked, id=3852, stack(0x0000000009df0000,0x0000000009ef0000)]
  0x000000000bd72800 JavaThread "Snare" [_thread_blocked, id=5820, stack(0x0000000009cf0000,0x0000000009df0000)]
  0x000000000bcfa000 JavaThread "TimerQueue" daemon [_thread_blocked, id=6160, stack(0x0000000009bf0000,0x0000000009cf0000)]
  0x000000000059b800 JavaThread "DestroyJavaVM" [_thread_blocked, id=6652, stack(0x00000000023c0000,0x00000000024c0000)]
  0x000000000bcc5800 JavaThread "D3D Screen Updater" daemon [_thread_blocked, id=4280, stack(0x00000000097e0000,0x00000000098e0000)]
  0x000000000bc97000 JavaThread "AWT-EventQueue-0" [_thread_blocked, id=6888, stack(0x000000000c070000,0x000000000c170000)]
=>0x00000000066b5000 JavaThread "Headspace mixer frame proc thread" daemon [_thread_in_native, id=3456, stack(0x000000000b470000,0x000000000b570000)]
  0x00000000066a5800 JavaThread "Java Sound Event Dispatcher" daemon [_thread_blocked, id=6820, stack(0x000000000af70000,0x000000000b070000)]
  0x00000000066a4800 JavaThread "Java Sound Event Dispatcher" daemon [_thread_blocked, id=3364, stack(0x000000000ae70000,0x000000000af70000)]
  0x000000000663c000 JavaThread "AWT-Windows" daemon [_thread_in_native, id=2688, stack(0x00000000071f0000,0x00000000072f0000)]
  0x0000000006637000 JavaThread "AWT-Shutdown" [_thread_blocked, id=7040, stack(0x00000000070f0000,0x00000000071f0000)]
  0x0000000006681800 JavaThread "Java2D Disposer" daemon [_thread_blocked, id=3640, stack(0x0000000006ff0000,0x00000000070f0000)]
  0x00000000065a4000 JavaThread "Low Memory Detector" daemon [_thread_blocked, id=3692, stack(0x0000000006b40000,0x0000000006c40000)]
  0x0000000006599000 JavaThread "CompilerThread1" daemon [_thread_blocked, id=1260, stack(0x0000000006a40000,0x0000000006b40000)]
  0x0000000006596800 JavaThread "CompilerThread0" daemon [_thread_blocked, id=3884, stack(0x0000000006940000,0x0000000006a40000)]
  0x0000000006594000 JavaThread "Attach Listener" daemon [_thread_blocked, id=6112, stack(0x0000000006840000,0x0000000006940000)]
  0x000000000658e800 JavaThread "Signal Dispatcher" daemon [_thread_blocked, id=6340, stack(0x0000000006740000,0x0000000006840000)]
  0x000000000052b800 JavaThread "Finalizer" daemon [_thread_blocked, id=5176, stack(0x0000000006440000,0x0000000006540000)]
  0x0000000000524800 JavaThread "Reference Handler" daemon [_thread_blocked, id=4976, stack(0x0000000006340000,0x0000000006440000)]

Other Threads:
  0x000000000051e800 VMThread [stack: 0x0000000006240000,0x0000000006340000] [id=2316]
  0x00000000065ad800 WatcherThread [stack: 0x0000000006c40000,0x0000000006d40000] [id=4224]

VM state:not at safepoint (normal execution)

VM Mutex/Monitor currently owned by a thread: None

Heap
 PSYoungGen      total 18496K, used 9208K [0x00000000eb600000, 0x00000000ecaa0000, 0x0000000100000000)
  eden space 15872K, 58% used [0x00000000eb600000,0x00000000ebefe300,0x00000000ec580000)
  from space 2624K, 0% used [0x00000000ec810000,0x00000000ec810000,0x00000000ecaa0000)
  to   space 2624K, 0% used [0x00000000ec580000,0x00000000ec580000,0x00000000ec810000)
 PSOldGen        total 42240K, used 0K [0x00000000c2200000, 0x00000000c4b40000, 0x00000000eb600000)
  object space 42240K, 0% used [0x00000000c2200000,0x00000000c2200000,0x00000000c4b40000)
 PSPermGen       total 21248K, used 12526K [0x00000000bd000000, 0x00000000be4c0000, 0x00000000c2200000)
  object space 21248K, 58% used [0x00000000bd000000,0x00000000bdc3bae0,0x00000000be4c0000)

Dynamic libraries:
0x0000000000400000 - 0x000000000042e000 	C:\Program Files\Java\jdk1.6.0_24\bin\javaw.exe
0x0000000077250000 - 0x00000000773f9000 	C:\Windows\SYSTEM32\ntdll.dll
0x0000000076b70000 - 0x0000000076c8f000 	C:\Windows\system32\kernel32.dll
0x000007fefd910000 - 0x000007fefd97c000 	C:\Windows\system32\KERNELBASE.dll
0x000007feff480000 - 0x000007feff55b000 	C:\Windows\system32\ADVAPI32.dll
0x000007fefe200000 - 0x000007fefe29f000 	C:\Windows\system32\msvcrt.dll
0x000007fefe660000 - 0x000007fefe67f000 	C:\Windows\SYSTEM32\sechost.dll
0x000007fefdf20000 - 0x000007fefe04d000 	C:\Windows\system32\RPCRT4.dll
0x0000000077150000 - 0x000000007724a000 	C:\Windows\system32\USER32.dll
0x000007fefdbe0000 - 0x000007fefdc47000 	C:\Windows\system32\GDI32.dll
0x000007fefe530000 - 0x000007fefe53e000 	C:\Windows\system32\LPK.dll
0x000007fefe590000 - 0x000007fefe659000 	C:\Windows\system32\USP10.dll
0x000007fefe540000 - 0x000007fefe56e000 	C:\Windows\system32\IMM32.DLL
0x000007fefe050000 - 0x000007fefe159000 	C:\Windows\system32\MSCTF.dll
0x000000006d890000 - 0x000000006df94000 	C:\Program Files\Java\jdk1.6.0_24\jre\bin\server\jvm.dll
0x000007fefb400000 - 0x000007fefb43b000 	C:\Windows\system32\WINMM.dll
0x000000006d800000 - 0x000000006d80e000 	C:\Program Files\Java\jdk1.6.0_24\jre\bin\verify.dll
0x000000006d450000 - 0x000000006d477000 	C:\Program Files\Java\jdk1.6.0_24\jre\bin\java.dll
0x000000006d3b0000 - 0x000000006d3ba000 	C:\Program Files\Java\jdk1.6.0_24\jre\bin\hpi.dll
0x0000000077410000 - 0x0000000077417000 	C:\Windows\system32\PSAPI.DLL
0x000000006d850000 - 0x000000006d862000 	C:\Program Files\Java\jdk1.6.0_24\jre\bin\zip.dll
0x000000006d0a0000 - 0x000000006d263000 	C:\Program Files\Java\jdk1.6.0_24\jre\bin\awt.dll
0x000007fefa150000 - 0x000007fefa1c1000 	C:\Windows\system32\WINSPOOL.DRV
0x000007fefe2a0000 - 0x000007fefe4a3000 	C:\Windows\system32\ole32.dll
0x000007fefe680000 - 0x000007feff408000 	C:\Windows\system32\SHELL32.dll
0x000007fefdb60000 - 0x000007fefdbd1000 	C:\Windows\system32\SHLWAPI.dll
0x000007fefc240000 - 0x000007fefc434000 	C:\Windows\WinSxS\amd64_microsoft.windows.common-controls_6595b64144ccf1df_6.0.7601.17514_none_fa396087175ac9ac\COMCTL32.dll
0x000007fefc910000 - 0x000007fefc928000 	C:\Windows\system32\DWMAPI.DLL
0x000007fefc030000 - 0x000007fefc086000 	C:\Windows\system32\uxtheme.dll
0x000000006d340000 - 0x000000006d3a6000 	C:\Program Files\Java\jdk1.6.0_24\jre\bin\fontmanager.dll
0x000007fefd5e0000 - 0x000007fefd5ef000 	C:\Windows\system32\CRYPTBASE.dll
0x000007fee9320000 - 0x000007fee951f000 	C:\Windows\system32\d3d9.dll
0x000007fefc730000 - 0x000007fefc73c000 	C:\Windows\system32\VERSION.dll
0x000007fef8730000 - 0x000007fef8737000 	C:\Windows\system32\d3d8thk.dll
0x000007fee4530000 - 0x000007fee543f000 	C:\Windows\system32\nvd3dumx.dll
0x000007fefb2e0000 - 0x000007fefb30c000 	C:\Windows\system32\powrprof.dll
0x000007fefdd40000 - 0x000007fefdf17000 	C:\Windows\system32\SETUPAPI.dll
0x000007fefda20000 - 0x000007fefda56000 	C:\Windows\system32\CFGMGR32.dll
0x000007fefda80000 - 0x000007fefdb57000 	C:\Windows\system32\OLEAUT32.dll
0x000007fefda60000 - 0x000007fefda7a000 	C:\Windows\system32\DEVOBJ.dll
0x000000006d5b0000 - 0x000000006d5de000 	C:\Program Files\Java\jdk1.6.0_24\jre\bin\jsound.dll
0x000007fefbc20000 - 0x000007fefbc6b000 	C:\Windows\system32\MMDevAPI.DLL
0x000007fefc090000 - 0x000007fefc1bc000 	C:\Windows\system32\PROPSYS.dll
0x000007fefa940000 - 0x000007fefa97b000 	C:\Windows\system32\wdmaud.drv
0x0000000074130000 - 0x0000000074136000 	C:\Windows\system32\ksuser.dll
0x000007fefb440000 - 0x000007fefb449000 	C:\Windows\system32\AVRT.dll
0x000007fefa800000 - 0x000007fefa84f000 	C:\Windows\system32\AUDIOSES.DLL
0x000007fef9e30000 - 0x000007fef9e3a000 	C:\Windows\system32\msacm32.drv
0x000007fef9e10000 - 0x000007fef9e28000 	C:\Windows\system32\MSACM32.dll
0x000007fef9dd0000 - 0x000007fef9dd9000 	C:\Windows\system32\midimap.dll
0x000007fefdc50000 - 0x000007fefdce9000 	C:\Windows\system32\CLBCatQ.DLL
0x000000006d6a0000 - 0x000000006d6b7000 	C:\Program Files\Java\jdk1.6.0_24\jre\bin\net.dll
0x000007fefdcf0000 - 0x000007fefdd3d000 	C:\Windows\system32\WS2_32.dll
0x000007feff410000 - 0x000007feff418000 	C:\Windows\system32\NSI.dll
0x000007fefcf20000 - 0x000007fefcf75000 	C:\Windows\system32\mswsock.dll
0x000007fefcf10000 - 0x000007fefcf17000 	C:\Windows\System32\wship6.dll
0x000000006d6c0000 - 0x000000006d6cb000 	C:\Program Files\Java\jdk1.6.0_24\jre\bin\nio.dll

VM Arguments:
jvm_args: -Dfile.encoding=Cp1252 
java_command: Jazzerator
Launcher Type: SUN_STANDARD

Environment Variables:
CLASSPATH=.;C:\Program Files (x86)\Java\jre6\lib\ext\QTJava.zip
PATH=C:/Program Files/Java/jdk1.6.0_24/bin/../jre/bin/server;C:/Program Files/Java/jdk1.6.0_24/bin/../jre/bin;C:/Program Files/Java/jdk1.6.0_24/bin/../jre/lib/amd64;C:\Program Files (x86)\NVIDIA Corporation\PhysX\Common;C:\Program Files\Common Files\Microsoft Shared\Windows Live;C:\Program Files (x86)\Common Files\Microsoft Shared\Windows Live;C:\PROGRA~1\MATROX~1\System64;C:\PROGRA~1\MATROX~1\System32;C:\Program Files (x86)\MiKTeX 2.9\bin; C:\Program Files (x86)\Java\jdk1.6.0_23\bin;C:\Program Files (x86)\Haskell\bin;C:\Program Files\Java\jdk1.6.0_24\bin;C:\Program Files (x86)\Haskell Platform\2010.2.0.0\lib\extralibs\bin;C:\Program Files (x86)\Haskell Platform\2010.2.0.0\bin;C:\Program Files (x86)\PC Connectivity Solution\;C:\Windows\system32;C:\Windows;C:\Windows\System32\Wbem;C:\Windows\System32\WindowsPowerShell\v1.0\;C:\Program Files (x86)\Windows Live\Shared;c:\Program Files (x86)\Microsoft SQL Server\90\Tools\binn\;C:\Program Files\jEdit;C:\Program Files (x86)\OpenLibraries\bin;C:\Program Files (x86)\QuickTime\QTSystem\;C:\Users\Jamie\AppData\Roaming\cabal\bin;C:\Modeltech_pe_edu_10.0\win32pe_edu;;C:\Users\Jamie\Downloads\eclipse-SDK-3.7-win32-x86_64\eclipse;
USERNAME=Jamie
OS=Windows_NT
PROCESSOR_IDENTIFIER=Intel64 Family 6 Model 37 Stepping 2, GenuineIntel



---------------  S Y S T E M  ---------------

OS: Windows 7 Build 7601 Service Pack 1

CPU:total 4 (2 cores per cpu, 2 threads per core) family 6 model 37 stepping 2, cmov, cx8, fxsr, mmx, sse, sse2, sse3, ssse3, sse4.1, sse4.2, popcnt, ht

Memory: 4k page, physical 4054520k(1032236k free), swap 8107192k(3789332k free)

vm_info: Java HotSpot(TM) 64-Bit Server VM (19.1-b02) for windows-amd64 JRE (1.6.0_24-b07), built on Feb  2 2011 16:25:45 by "java_re" with MS VC++ 8.0 (VS2005)

time: Thu Feb 09 15:35:14 2012
elapsed time: 185 seconds

